[2024-04-18T20:44:37.338+0000] {taskinstance.py:1979} INFO - Dependencies all met for dep_context=non-requeueable deps ti=<TaskInstance: Units_statistics_DAG.ETL_job manual__2024-04-18T20:41:02.988999+00:00 map_index=4 [queued]>
[2024-04-18T20:44:37.356+0000] {taskinstance.py:1979} INFO - Dependencies all met for dep_context=requeueable deps ti=<TaskInstance: Units_statistics_DAG.ETL_job manual__2024-04-18T20:41:02.988999+00:00 map_index=4 [queued]>
[2024-04-18T20:44:37.356+0000] {taskinstance.py:2193} INFO - Starting attempt 3 of 4
[2024-04-18T20:44:37.390+0000] {taskinstance.py:2217} INFO - Executing <Mapped(_PythonDecoratedOperator): ETL_job> on 2024-04-18 20:41:02.988999+00:00
[2024-04-18T20:44:37.402+0000] {standard_task_runner.py:60} INFO - Started process 388912 to run task
[2024-04-18T20:44:37.414+0000] {standard_task_runner.py:87} INFO - Running: ['***', 'tasks', 'run', 'Units_statistics_DAG', 'ETL_job', 'manual__2024-04-18T20:41:02.988999+00:00', '--job-id', '8172', '--raw', '--subdir', 'DAGS_FOLDER/Units_dag.py', '--cfg-path', '/tmp/tmpvvwvlcxb', '--map-index', '4']
[2024-04-18T20:44:37.418+0000] {standard_task_runner.py:88} INFO - Job 8172: Subtask ETL_job
[2024-04-18T20:44:37.561+0000] {task_command.py:423} INFO - Running <TaskInstance: Units_statistics_DAG.ETL_job manual__2024-04-18T20:41:02.988999+00:00 map_index=4 [running]> on host a09da322e808
[2024-04-18T20:44:37.810+0000] {taskinstance.py:2513} INFO - Exporting env vars: AIRFLOW_CTX_DAG_OWNER='abeer-araby' AIRFLOW_CTX_DAG_ID='Units_statistics_DAG' AIRFLOW_CTX_TASK_ID='ETL_job' AIRFLOW_CTX_EXECUTION_DATE='2024-04-18T20:41:02.988999+00:00' AIRFLOW_CTX_TRY_NUMBER='3' AIRFLOW_CTX_DAG_RUN_ID='manual__2024-04-18T20:41:02.988999+00:00'
[2024-04-18T20:44:37.812+0000] {Units_dag.py:99} INFO - i: 40000, chunk: 10000
[2024-04-18T20:44:37.812+0000] {Units_dag.py:100} INFO - child token is::: eyJ0eXAiOiJKV1QiLCJhbGciOiJIUzI1NiJ9.eyJpc3MiOiJodHRwczovL2FwaS5hZmFxeS5zYS9hdXRoL2xvZ2luX2FzIiwiaWF0IjoxNzEzNDcyODcxLCJleHAiOjE3MTYwNjQ4NzEsIm5iZiI6MTcxMzQ3Mjg3MSwianRpIjoib21icVFiMGlvdjFFQ1dmcSIsInN1YiI6IjVkNjNlNTFlMDNlZDUyOTJhNDJjMjRlNiIsInBydiI6IjI3MGVjZmM3ZWEzZWQ5MzdlYTg0OTM2MmEzYTUwOTEwYzZkOGNlNGYiLCJsb2dpbl9hc19pZCI6IjY1N2YwYWQ3M2Y5NzcyOTVjZjA1NTc2YSJ9.RgvErvTPNRSlB5Z3HsvnjKsqzFaxS237DQJtTse8d7I
[2024-04-18T20:44:55.595+0000] {Units_dag.py:104} INFO - {'_id': '6265035bd2e4461ec930f3b8', 'icon': 'icons/icon.png', 'driver_id': '', 'tailer_id': '', 'profile': {'year': 0, 'seats': 2, 'fuel_type': '91', 'measurement_type': 'count'}, 'device_password': '***', 'device_type': 'gps', 'gateway': False, 'name': '7616 - L R B', 'operation_code': '', 'device_gateway': '', 'business_types': {'waste': False, 'transportation': False, 'water': False}, 'imei': '862095054354847', 'sim_number': '+966830028520482', 'sim_serial': '8996609821110925549', 'device_serial': '862095054354847', 'device': 'bce', 'user_id': '61f01503d50668153d145705', 'created_by': '600fe9e50c847769bc3d0090', 'updated_at': '2024-04-18 11:18:59', 'created_at': '2022-04-24 10:59:23', 'custom_fields': [{'id': '662101ba721cc3fb8c0b7b12', 'key': 'السائق', 'value': 'وسيم حيدر', 'type': 'general', 'measurement_unit': None}], 'creator': 'rami.ahmed', 'company': '', 'owner': 'zagzoog-adaptation-maintenance-admin', 'last_update': {'dtt': 1713472758000, 'dts': 1713472824400, 'spd': 0, 'ang': 68, 'alt': 2157, 'chPrams': {'ePwrV': {'v': 12.807, 'cdt': 1713472758000}, 'di16': {'v': 1, 'cdt': 1711881460000}, 'rssi1': {'v': 53, 'cdt': 1713472758000}, 'di15': {'v': 0, 'cdt': 1711881460000}, 'di14': {'v': 0, 'cdt': 1713446718000}, 'di13': {'v': 0, 'cdt': 1713001184000}, 'di12': {'v': 0, 'cdt': 1711881460000}, 'di11': {'v': 0, 'cdt': 1711881460000}, 'di10': {'v': 0, 'cdt': 1711881460000}, 'di2': {'v': 0, 'cdt': 1711881460000}, 'ai4': {'v': 247, 'cdt': 1713470958000}, 'di1': {'v': 0, 'cdt': 1713447556000}, 'di4': {'v': 0, 'cdt': 1711881460000}, 'di3': {'v': 0, 'cdt': 1711881460000}, 'di6': {'v': 0, 'cdt': 1711881460000}, 'di5': {'v': 0, 'cdt': 1713447556000}, 'lac1': {'v': 2583, 'cdt': 1713445602000}, 'di8': {'v': 1, 'cdt': 1711002538000}, 'protocol': {'v': 'bce', 'cdt': 1711881460000}, 'di7': {'v': 0, 'cdt': 1713448758000}, 'di9': {'v': 0, 'cdt': 1711702650000}, 'iPwrV': {'v': 4.01, 'cdt': 1713467658000}, 'cid1': {'v': 48792, 'cdt': 1713447490000}, 'odometer': {'v': 0, 'cdt': 1713447556000}, 'spd': {'v': 0, 'cdt': 1713447536000}, 'sat': {'v': 12, 'cdt': 1713447296000}, 'hdop': {'v': 1, 'cdt': 1713429484000}, 'ta': {'v': 0, 'cdt': 1711881460000}, 'mcc1': {'v': 420, 'cdt': 1711019660000}, 'mnc1': {'v': 3, 'cdt': 1712391088000}}, 'prms': {'protocol': 'bce', 'spd': 0, 'sat': 12, 'hdop': 1, 'odometer': 0, 'di16': 1, 'di15': 0, 'di14': 0, 'di13': 0, 'di12': 0, 'di11': 0, 'di10': 0, 'di9': 0, 'di8': 1, 'di7': 0, 'di6': 0, 'di5': 0, 'di4': 0, 'di3': 0, 'di2': 0, 'di1': 0, 'ePwrV': 12.807, 'ai4': 247, 'iPwrV': 4.01, 'ta': 0, 'mcc1': 420, 'mnc1': 3, 'lac1': 2583, 'cid1': 48792, 'rssi1': 53}, 'devPrms': ['protocol', 'spd', 'sat', 'hdop', 'odometer', 'di16', 'di15', 'di14', 'di13', 'di12', 'di11', 'di10', 'di9', 'di8', 'di7', 'di6', 'di5', 'di4', 'di3', 'di2', 'di1', 'ePwrV', 'ai4', 'iPwrV', 'ta', 'mcc1', 'mnc1', 'lac1', 'cid1', 'rssi1'], 'old_params': {'protocol': 'bce', 'spd': 0, 'sat': 12, 'hdop': 1, 'odometer': 0, 'di16': 1, 'di15': 0, 'di14': 0, 'di13': 0, 'di12': 0, 'di11': 0, 'di10': 0, 'di9': 0, 'di8': 1, 'di7': 0, 'di6': 0, 'di5': 0, 'di4': 0, 'di3': 0, 'di2': 0, 'di1': 0, 'ePwrV': 12.842, 'ai4': 247, 'iPwrV': 4.01, 'ta': 0, 'mcc1': 420, 'mnc1': 3, 'lac1': 2583, 'cid1': 48792, 'rssi1': 54}, 'vLoc': 1, 'vCon': 1, 'ip': '37.216.89.71', 'rl': 0, 'trl': 85550.8424, 'mdu': 0, 'tmdu': 4940132, 'eidl': 0, 'teidl': 2791724, 'fc': 0, 'tfc': 4.761204, 'acc': 0, 'accOn': 8257918, 'accOff': 57805986, 'sdu': 300, 'tsdu': 25202, 'lat': 20.017032623291016, 'lng': 41.45433807373047}, 'counters': {'odometer_type': 'gps', 'odometer': 165954.8461, 'engine_hours_type': 'acc', 'engine_hours': 8257918, 'last_acc': 0}, 'is_wasl_connected': 'Not Connected', 'iconUrl': 'https://api.afaqy.sa/images/units/icons/icon.png', 'hasCCTV': False}
[2024-04-18T20:44:56.114+0000] {warnings.py:109} WARNING - /home/***/.local/lib/python3.8/site-packages/elasticsearch/_sync/client/__init__.py:399: SecurityWarning: Connecting to 'https://dbelk3.afaqy.local:9200' using TLS with verify_certs=False is insecure
  _transport = transport_class(

[2024-04-18T20:44:56.156+0000] {warnings.py:109} WARNING - /home/***/.local/lib/python3.8/site-packages/elasticsearch/_sync/client/__init__.py:399: SecurityWarning: Connecting to 'https://dbelk2.afaqy.local:9200' using TLS with verify_certs=False is insecure
  _transport = transport_class(

[2024-04-18T20:44:56.198+0000] {warnings.py:109} WARNING - /home/***/.local/lib/python3.8/site-packages/elasticsearch/_sync/client/__init__.py:399: SecurityWarning: Connecting to 'https://dbelk1.afaqy.local:9200' using TLS with verify_certs=False is insecure
  _transport = transport_class(

[2024-04-18T20:44:56.217+0000] {warnings.py:109} WARNING - /home/***/.local/lib/python3.8/site-packages/urllib3/connectionpool.py:1061: InsecureRequestWarning: Unverified HTTPS request is being made to host 'dbelk3.afaqy.local'. Adding certificate verification is strongly advised. See: https://urllib3.readthedocs.io/en/1.26.x/advanced-usage.html#ssl-warnings
  warnings.warn(

[2024-04-18T20:44:56.289+0000] {_transport.py:335} INFO - GET https://dbelk3.afaqy.local:9200/_cluster/health [status:200 duration:0.089s]
[2024-04-18T20:44:56.812+0000] {taskinstance.py:2731} ERROR - Task failed with exception
Traceback (most recent call last):
  File "/home/airflow/.local/lib/python3.8/site-packages/elastic_transport/_serializer.py", line 108, in dumps
    return self.json_dumps(data)
  File "/home/airflow/.local/lib/python3.8/site-packages/elastic_transport/_serializer.py", line 79, in json_dumps
    return json.dumps(
  File "/usr/local/lib/python3.8/json/__init__.py", line 234, in dumps
    return cls(
  File "/usr/local/lib/python3.8/json/encoder.py", line 199, in encode
    chunks = self.iterencode(o, _one_shot=True)
  File "/usr/local/lib/python3.8/json/encoder.py", line 257, in iterencode
    return _iterencode(o, 0)
  File "/home/airflow/.local/lib/python3.8/site-packages/elasticsearch/serializer.py", line 73, in default
    raise TypeError(f"Unable to serialize {data!r} (type: {type(data)})")
TypeError: Unable to serialize <function Utils.units_transform.<locals>.<lambda> at 0x7faa1821d040> (type: <class 'function'>)

During handling of the above exception, another exception occurred:

Traceback (most recent call last):
  File "/home/airflow/.local/lib/python3.8/site-packages/airflow/models/taskinstance.py", line 444, in _execute_task
    result = _execute_callable(context=context, **execute_callable_kwargs)
  File "/home/airflow/.local/lib/python3.8/site-packages/airflow/models/taskinstance.py", line 414, in _execute_callable
    return execute_callable(context=context, **execute_callable_kwargs)
  File "/home/airflow/.local/lib/python3.8/site-packages/airflow/decorators/base.py", line 241, in execute
    return_value = super().execute(context)
  File "/home/airflow/.local/lib/python3.8/site-packages/airflow/operators/python.py", line 200, in execute
    return_value = self.execute_callable()
  File "/home/airflow/.local/lib/python3.8/site-packages/airflow/operators/python.py", line 217, in execute_callable
    return self.python_callable(*self.op_args, **self.op_kwargs)
  File "/opt/airflow/dags/Units_dag.py", line 112, in ETL_job
    Elk_client.elk_pushData(Globals.index_name,units_list_update)
  File "/opt/airflow/dags/elk_manager.py", line 69, in elk_pushData
    helpers.bulk(self.elk_client, docs_list, index=index_name, chunk_size=batch)
  File "/home/airflow/.local/lib/python3.8/site-packages/elasticsearch/helpers/actions.py", line 521, in bulk
    for ok, item in streaming_bulk(
  File "/home/airflow/.local/lib/python3.8/site-packages/elasticsearch/helpers/actions.py", line 421, in streaming_bulk
    for bulk_data, bulk_actions in _chunk_actions(
  File "/home/airflow/.local/lib/python3.8/site-packages/elasticsearch/helpers/actions.py", line 233, in _chunk_actions
    ret = chunker.feed(action, data)
  File "/home/airflow/.local/lib/python3.8/site-packages/elasticsearch/helpers/actions.py", line 161, in feed
    data_bytes = to_bytes(self.serializer.dumps(data), "utf-8")
  File "/home/airflow/.local/lib/python3.8/site-packages/elastic_transport/_serializer.py", line 112, in dumps
    raise SerializationError(
elastic_transport.SerializationError: Unable to serialize to JSON: {'Unit': <function Utils.units_transform.<locals>.<lambda> at 0x7faa1821d040>, 'spd': 0, 'acc': 0, 'last_update': 1713472758000, 'device_imei': '862095054354847', 'device_serial': '862095054354847', 'sim_number': '+966830028520482', 'sim_serial': '8996609821110925549', 'device': 'bce', 'company': '', 'user_id_units': '61f01503d50668153d145705', 'account': 'zagzoog-adaptation-maintenance-admin', 'operation_code': '', 'vehicle_battery': 12.807} (type: dict)
[2024-04-18T20:44:56.828+0000] {taskinstance.py:1149} INFO - Marking task as UP_FOR_RETRY. dag_id=Units_statistics_DAG, task_id=ETL_job, map_index=4, execution_date=20240418T204102, start_date=20240418T204437, end_date=20240418T204456
[2024-04-18T20:44:56.851+0000] {standard_task_runner.py:107} ERROR - Failed to execute job 8172 for task ETL_job (Unable to serialize to JSON: {'Unit': <function Utils.units_transform.<locals>.<lambda> at 0x7faa1821d040>, 'spd': 0, 'acc': 0, 'last_update': 1713472758000, 'device_imei': '862095054354847', 'device_serial': '862095054354847', 'sim_number': '+966830028520482', 'sim_serial': '8996609821110925549', 'device': 'bce', 'company': '', 'user_id_units': '61f01503d50668153d145705', 'account': 'zagzoog-adaptation-maintenance-admin', 'operation_code': '', 'vehicle_battery': 12.807} (type: dict); 388912)
[2024-04-18T20:44:56.913+0000] {local_task_job_runner.py:234} INFO - Task exited with return code 1
[2024-04-18T20:44:56.939+0000] {taskinstance.py:3312} INFO - 0 downstream tasks scheduled from follow-on schedule check
