[2024-05-13T17:47:51.347+0000] {local_task_job_runner.py:120} INFO - ::group::Pre task execution logs
[2024-05-13T17:47:51.397+0000] {taskinstance.py:2076} INFO - Dependencies all met for dep_context=non-requeueable deps ti=<TaskInstance: AVL_DAG.MongoDb.connect_to_mongo_server manual__2024-05-13T17:46:28.652190+00:00 [queued]>
[2024-05-13T17:47:51.415+0000] {taskinstance.py:2076} INFO - Dependencies all met for dep_context=requeueable deps ti=<TaskInstance: AVL_DAG.MongoDb.connect_to_mongo_server manual__2024-05-13T17:46:28.652190+00:00 [queued]>
[2024-05-13T17:47:51.415+0000] {taskinstance.py:2306} INFO - Starting attempt 2 of 2
[2024-05-13T17:47:51.441+0000] {taskinstance.py:2330} INFO - Executing <Task(PythonOperator): MongoDb.connect_to_mongo_server> on 2024-05-13 17:46:28.652190+00:00
[2024-05-13T17:47:51.459+0000] {warnings.py:110} WARNING - /home/***/.local/lib/python3.12/site-packages/***/task/task_runner/standard_task_runner.py:61: DeprecationWarning: This process (pid=177) is multi-threaded, use of fork() may lead to deadlocks in the child.
  pid = os.fork()

[2024-05-13T17:47:51.463+0000] {standard_task_runner.py:63} INFO - Started process 178 to run task
[2024-05-13T17:47:51.467+0000] {standard_task_runner.py:90} INFO - Running: ['***', 'tasks', 'run', 'AVL_DAG', 'MongoDb.connect_to_mongo_server', 'manual__2024-05-13T17:46:28.652190+00:00', '--job-id', '56313', '--raw', '--subdir', 'DAGS_FOLDER/Avl_dag.py', '--cfg-path', '/tmp/tmpd77krs87']
[2024-05-13T17:47:51.471+0000] {standard_task_runner.py:91} INFO - Job 56313: Subtask MongoDb.connect_to_mongo_server
[2024-05-13T17:47:51.564+0000] {task_command.py:426} INFO - Running <TaskInstance: AVL_DAG.MongoDb.connect_to_mongo_server manual__2024-05-13T17:46:28.652190+00:00 [running]> on host 117fd00757b6
[2024-05-13T17:47:51.771+0000] {taskinstance.py:2648} INFO - Exporting env vars: AIRFLOW_CTX_DAG_OWNER='abeer-araby' AIRFLOW_CTX_DAG_ID='AVL_DAG' AIRFLOW_CTX_TASK_ID='MongoDb.connect_to_mongo_server' AIRFLOW_CTX_EXECUTION_DATE='2024-05-13T17:46:28.652190+00:00' AIRFLOW_CTX_TRY_NUMBER='2' AIRFLOW_CTX_DAG_RUN_ID='manual__2024-05-13T17:46:28.652190+00:00'
[2024-05-13T17:47:51.772+0000] {taskinstance.py:430} INFO - ::endgroup::
[2024-05-13T17:47:51.826+0000] {mongo_manager.py:25} INFO - Established mongo connection: client MongoClient(host=['avlmdbr2.afaqy.sa:27017', 'avlmdbr3.afaqy.sa:27017', 'avlmdbr1.afaqy.sa:27017'], document_class=dict, tz_aware=False, connect=True, replicaset='AFAQY_AVL_MASTERDB', read_preference=Secondary(tag_sets=None, max_staleness=-1, hedge=None), maxstalenessseconds=7200000, serverselectiontimeoutms=300000)
[2024-05-13T17:47:53.868+0000] {mongo_manager.py:28} INFO - ids_list [ObjectId('5e57f88603ed52af972ffd97'), ObjectId('5e57f88603ed52af972ffd9b'), ObjectId('5e57f88603ed52af972ffd9f'), ObjectId('5e57f88603ed52af972ffda3'), ObjectId('5e57f88603ed52af972ffda7'), ObjectId('5e57f88603ed52af972ffdab'), ObjectId('5e57f88603ed52af972ffdb3'), ObjectId('5e57f88603ed52af972ffdbb'), ObjectId('5e57f88703ed52af972ffdbf'), ObjectId('5e57f88703ed52af972ffdc3')]
[2024-05-13T17:47:53.952+0000] {mongo_manager.py:57} INFO - Found: 1591 units separated across: 10 different replicas 

[2024-05-13T17:47:53.968+0000] {xcom.py:675} ERROR - Object of type ObjectId is not JSON serializable. If you are using pickle instead of JSON for XCom, then you need to enable pickle support for XCom in your *** config or make sure to decorate your object with attr.
[2024-05-13T17:47:53.971+0000] {taskinstance.py:441} INFO - ::group::Post task execution logs
[2024-05-13T17:47:53.972+0000] {taskinstance.py:2905} ERROR - Task failed with exception
Traceback (most recent call last):
  File "/home/airflow/.local/lib/python3.12/site-packages/airflow/utils/json.py", line 91, in default
    return serialize(o)
           ^^^^^^^^^^^^
  File "/home/airflow/.local/lib/python3.12/site-packages/airflow/serialization/serde.py", line 189, in serialize
    raise TypeError(f"cannot serialize object of type {cls}")
TypeError: cannot serialize object of type <class 'bson.objectid.ObjectId'>

During handling of the above exception, another exception occurred:

Traceback (most recent call last):
  File "/home/airflow/.local/lib/python3.12/site-packages/airflow/models/taskinstance.py", line 465, in _execute_task
    result = _execute_callable(context=context, **execute_callable_kwargs)
             ^^^^^^^^^^^^^^^^^^^^^^^^^^^^^^^^^^^^^^^^^^^^^^^^^^^^^^^^^^^^^
  File "/home/airflow/.local/lib/python3.12/site-packages/airflow/models/taskinstance.py", line 432, in _execute_callable
    return execute_callable(context=context, **execute_callable_kwargs)
           ^^^^^^^^^^^^^^^^^^^^^^^^^^^^^^^^^^^^^^^^^^^^^^^^^^^^^^^^^^^^
  File "/home/airflow/.local/lib/python3.12/site-packages/airflow/models/baseoperator.py", line 400, in wrapper
    return func(self, *args, **kwargs)
           ^^^^^^^^^^^^^^^^^^^^^^^^^^^
  File "/home/airflow/.local/lib/python3.12/site-packages/airflow/operators/python.py", line 235, in execute
    return_value = self.execute_callable()
                   ^^^^^^^^^^^^^^^^^^^^^^^
  File "/home/airflow/.local/lib/python3.12/site-packages/airflow/operators/python.py", line 252, in execute_callable
    return self.python_callable(*self.op_args, **self.op_kwargs)
           ^^^^^^^^^^^^^^^^^^^^^^^^^^^^^^^^^^^^^^^^^^^^^^^^^^^^^
  File "/opt/airflow/dags/avl_pipeline/mongo_manager.py", line 59, in client
    kwargs['ti'].xcom_push(key='units_group_by_signal_conn_id', value = units_group_by_signal_conn_id)
  File "/home/airflow/.local/lib/python3.12/site-packages/airflow/utils/session.py", line 79, in wrapper
    return func(*args, session=session, **kwargs)
           ^^^^^^^^^^^^^^^^^^^^^^^^^^^^^^^^^^^^^^
  File "/home/airflow/.local/lib/python3.12/site-packages/airflow/models/taskinstance.py", line 3197, in xcom_push
    XCom.set(
  File "/home/airflow/.local/lib/python3.12/site-packages/airflow/utils/session.py", line 76, in wrapper
    return func(*args, **kwargs)
           ^^^^^^^^^^^^^^^^^^^^^
  File "/home/airflow/.local/lib/python3.12/site-packages/airflow/models/xcom.py", line 246, in set
    value = cls.serialize_value(
            ^^^^^^^^^^^^^^^^^^^^
  File "/home/airflow/.local/lib/python3.12/site-packages/airflow/models/xcom.py", line 673, in serialize_value
    return json.dumps(value, cls=XComEncoder).encode("UTF-8")
           ^^^^^^^^^^^^^^^^^^^^^^^^^^^^^^^^^^
  File "/usr/local/lib/python3.12/json/__init__.py", line 238, in dumps
    **kw).encode(obj)
          ^^^^^^^^^^^
  File "/home/airflow/.local/lib/python3.12/site-packages/airflow/utils/json.py", line 104, in encode
    return super().encode(o)
           ^^^^^^^^^^^^^^^^^
  File "/usr/local/lib/python3.12/json/encoder.py", line 200, in encode
    chunks = self.iterencode(o, _one_shot=True)
             ^^^^^^^^^^^^^^^^^^^^^^^^^^^^^^^^^^
  File "/usr/local/lib/python3.12/json/encoder.py", line 258, in iterencode
    return _iterencode(o, 0)
           ^^^^^^^^^^^^^^^^^
  File "/home/airflow/.local/lib/python3.12/site-packages/airflow/utils/json.py", line 93, in default
    return super().default(o)
           ^^^^^^^^^^^^^^^^^^
  File "/usr/local/lib/python3.12/json/encoder.py", line 180, in default
    raise TypeError(f'Object of type {o.__class__.__name__} '
TypeError: Object of type ObjectId is not JSON serializable
[2024-05-13T17:47:53.997+0000] {taskinstance.py:1206} INFO - Marking task as FAILED. dag_id=AVL_DAG, task_id=MongoDb.connect_to_mongo_server, run_id=manual__2024-05-13T17:46:28.652190+00:00, execution_date=20240513T174628, start_date=20240513T174751, end_date=20240513T174753
[2024-05-13T17:47:54.041+0000] {standard_task_runner.py:110} ERROR - Failed to execute job 56313 for task MongoDb.connect_to_mongo_server (Object of type ObjectId is not JSON serializable; 178)
[2024-05-13T17:47:54.101+0000] {local_task_job_runner.py:240} INFO - Task exited with return code 1
[2024-05-13T17:47:54.144+0000] {taskinstance.py:3498} INFO - 0 downstream tasks scheduled from follow-on schedule check
[2024-05-13T17:47:54.151+0000] {local_task_job_runner.py:222} INFO - ::endgroup::
