[2024-04-18T20:49:30.421+0000] {taskinstance.py:1979} INFO - Dependencies all met for dep_context=non-requeueable deps ti=<TaskInstance: Units_statistics_DAG.ETL_job manual__2024-04-18T20:49:18.131332+00:00 map_index=6 [queued]>
[2024-04-18T20:49:30.501+0000] {taskinstance.py:1979} INFO - Dependencies all met for dep_context=requeueable deps ti=<TaskInstance: Units_statistics_DAG.ETL_job manual__2024-04-18T20:49:18.131332+00:00 map_index=6 [queued]>
[2024-04-18T20:49:30.501+0000] {taskinstance.py:2193} INFO - Starting attempt 1 of 4
[2024-04-18T20:49:30.599+0000] {taskinstance.py:2217} INFO - Executing <Mapped(_PythonDecoratedOperator): ETL_job> on 2024-04-18 20:49:18.131332+00:00
[2024-04-18T20:49:30.636+0000] {standard_task_runner.py:60} INFO - Started process 389099 to run task
[2024-04-18T20:49:30.687+0000] {standard_task_runner.py:87} INFO - Running: ['***', 'tasks', 'run', 'Units_statistics_DAG', 'ETL_job', 'manual__2024-04-18T20:49:18.131332+00:00', '--job-id', '8208', '--raw', '--subdir', 'DAGS_FOLDER/Units_dag.py', '--cfg-path', '/tmp/tmptz1mluxn', '--map-index', '6']
[2024-04-18T20:49:30.714+0000] {standard_task_runner.py:88} INFO - Job 8208: Subtask ETL_job
[2024-04-18T20:49:31.039+0000] {task_command.py:423} INFO - Running <TaskInstance: Units_statistics_DAG.ETL_job manual__2024-04-18T20:49:18.131332+00:00 map_index=6 [running]> on host a09da322e808
[2024-04-18T20:49:31.343+0000] {taskinstance.py:2513} INFO - Exporting env vars: AIRFLOW_CTX_DAG_OWNER='abeer-araby' AIRFLOW_CTX_DAG_ID='Units_statistics_DAG' AIRFLOW_CTX_TASK_ID='ETL_job' AIRFLOW_CTX_EXECUTION_DATE='2024-04-18T20:49:18.131332+00:00' AIRFLOW_CTX_TRY_NUMBER='1' AIRFLOW_CTX_DAG_RUN_ID='manual__2024-04-18T20:49:18.131332+00:00'
[2024-04-18T20:49:31.348+0000] {Units_dag.py:99} INFO - i: 60000, chunk: 10000
[2024-04-18T20:49:31.349+0000] {Units_dag.py:100} INFO - child token is::: eyJ0eXAiOiJKV1QiLCJhbGciOiJIUzI1NiJ9.eyJpc3MiOiJodHRwczovL2FwaS5hZmFxeS5zYS9hdXRoL2xvZ2luX2FzIiwiaWF0IjoxNzEzNDczMzYxLCJleHAiOjE3MTYwNjUzNjEsIm5iZiI6MTcxMzQ3MzM2MSwianRpIjoiQlgwb2FkNkk3NDJqTERFYyIsInN1YiI6IjVkNjNlNTFlMDNlZDUyOTJhNDJjMjRlNiIsInBydiI6IjI3MGVjZmM3ZWEzZWQ5MzdlYTg0OTM2MmEzYTUwOTEwYzZkOGNlNGYiLCJsb2dpbl9hc19pZCI6IjY1N2YwYWQ3M2Y5NzcyOTVjZjA1NTc2YSJ9.jUxVDsdP3kwbNDaUDoW51L6ZFk-tlyzClikwApbRy14
[2024-04-18T20:50:08.612+0000] {Units_dag.py:104} INFO - {'_id': '63271f714b20587ef75a1640', 'icon': 'icons/icon.png', 'driver_id': '', 'tailer_id': '', 'profile': {'vehicle_type': None, 'measurement_type': 'count', 'max_capacity': 0, 'vin': None, 'plate_number': '9269 - A D R', 'start_operation': None, 'contract_milage': None, 'opening_milage': None, 'model': None, 'fuel_type': '91', 'year': 0, 'seats': 2}, 'device_password': '***', 'device_type': 'gps', 'gateway': False, 'name': 'ADR9269', 'operation_code': '', 'device_gateway': '', 'business_types': {'waste': False, 'transportation': True, 'water': False}, 'imei': '357073298590940', 'sim_number': '+966830028783115', 'sim_serial': '996609821111333356', 'device_serial': '1125015014', 'device': 'teltonika', 'user_id': '5edc9ce503ed5252d3361fa8', 'created_by': '5e6655bf03ed52e1ab79d301', 'updated_at': '2024-04-18 11:18:59', 'created_at': '2022-09-18 16:38:57', 'custom_fields': [], 'creator': 'amr.ahmed', 'company': '', 'owner': 'hertz-admin', 'last_update': {'dtt': 1713473208000, 'dts': 1713473212549, 'spd': 0, 'ang': 0, 'alt': 0, 'chPrams': {'Speed': {'v': 0, 'cdt': 1713453013000}, 'output1': {'v': False, 'cdt': 1713436613000}, 'output2': {'v': False, 'cdt': 1713436613000}, 'ePwrV': {'v': 13.016, 'cdt': 1713472908000}, 'parm24': {'v': 0, 'cdt': 1713453013000}, 'sat': {'v': 0, 'cdt': 1713453013000}, 'ai1': {'v': 131, 'cdt': 1713194032000}, 'type': {'v': 6, 'cdt': 1711256577000}, 'di2': {'v': 0, 'cdt': 1711371079000}, 'priority': {'v': 0, 'cdt': 1712911994000}, 'di1': {'v': 0, 'cdt': 1713453043000}, 'result': {'v': '5665723a30332e32372e31335f3033204750533a41584e5f352e312e392048773a464d42313230204d6f643a333320494d45493a33353730373332393835393039343020496e69743a323032342d342d313720343a313820557074696d653a313039353238204d41433a303031453432374632453739205350433a312830292041584c3a32204f42443a3020424c3a312e31302042543a34', 'cdt': 1713436313000}, 'protocol': {'v': 'FMB120', 'cdt': 1713436613000}, 'parm6': {'v': 131, 'cdt': 1713125281000}, 'iPwrV': {'v': 4.055, 'cdt': 1713472307000}, 'event': {'v': 0, 'cdt': 1712911994000}}, 'prms': {'protocol': 'FMB120', 'priority': 0, 'sat': 0, 'event': 0, 'di1': 0, 'output1': 0, 'di2': 0, 'output2': 0, 'ePwrV': 13.016, 'Speed': 0, 'parm24': 0, 'iPwrV': 4.055, 'ai1': 131, 'parm6': 131}, 'devPrms': ['protocol', 'priority', 'sat', 'event', 'di1', 'output1', 'di2', 'output2', 'ePwrV', 'Speed', 'parm24', 'iPwrV', 'ai1', 'parm6'], 'old_params': {'protocol': 'FMB120', 'priority': 0, 'sat': 0, 'event': 0, 'di1': 0, 'output1': 0, 'di2': 0, 'output2': 0, 'ePwrV': 13.016, 'Speed': 0, 'parm24': 0, 'iPwrV': 4.055, 'ai1': 131, 'parm6': 131}, 'vLoc': 1, 'vCon': 0, 'ip': '109.83.14.84', 'rl': 0, 'trl': 23693.8637, 'mdu': 0, 'tmdu': 1980418, 'eidl': 0, 'teidl': 509482, 'fc': 0, 'tfc': 212.08619, 'acc': 0, 'accOn': 4873156, 'accOff': 46194595, 'sdu': 300, 'tsdu': 20165, 'lat': 24.6894883, 'lng': 46.7169}, 'counters': {'odometer_type': 'gps', 'odometer': 23708.8666, 'engine_hours_type': 'acc', 'engine_hours': 4873156, 'last_acc': 0}, 'is_wasl_connected': 'Not Connected', 'iconUrl': 'https://api.afaqy.sa/images/units/icons/icon.png', 'hasCCTV': False}
[2024-04-18T20:50:10.193+0000] {warnings.py:109} WARNING - /home/***/.local/lib/python3.8/site-packages/elasticsearch/_sync/client/__init__.py:399: SecurityWarning: Connecting to 'https://dbelk1.afaqy.local:9200' using TLS with verify_certs=False is insecure
  _transport = transport_class(

[2024-04-18T20:50:10.323+0000] {warnings.py:109} WARNING - /home/***/.local/lib/python3.8/site-packages/elasticsearch/_sync/client/__init__.py:399: SecurityWarning: Connecting to 'https://dbelk3.afaqy.local:9200' using TLS with verify_certs=False is insecure
  _transport = transport_class(

[2024-04-18T20:50:10.424+0000] {warnings.py:109} WARNING - /home/***/.local/lib/python3.8/site-packages/elasticsearch/_sync/client/__init__.py:399: SecurityWarning: Connecting to 'https://dbelk2.afaqy.local:9200' using TLS with verify_certs=False is insecure
  _transport = transport_class(

[2024-04-18T20:50:10.464+0000] {warnings.py:109} WARNING - /home/***/.local/lib/python3.8/site-packages/urllib3/connectionpool.py:1061: InsecureRequestWarning: Unverified HTTPS request is being made to host 'dbelk1.afaqy.local'. Adding certificate verification is strongly advised. See: https://urllib3.readthedocs.io/en/1.26.x/advanced-usage.html#ssl-warnings
  warnings.warn(

[2024-04-18T20:50:10.523+0000] {_transport.py:335} INFO - GET https://dbelk1.afaqy.local:9200/_cluster/health [status:200 duration:0.098s]
[2024-04-18T20:50:11.949+0000] {taskinstance.py:2731} ERROR - Task failed with exception
Traceback (most recent call last):
  File "/home/airflow/.local/lib/python3.8/site-packages/elastic_transport/_serializer.py", line 108, in dumps
    return self.json_dumps(data)
  File "/home/airflow/.local/lib/python3.8/site-packages/elastic_transport/_serializer.py", line 79, in json_dumps
    return json.dumps(
  File "/usr/local/lib/python3.8/json/__init__.py", line 234, in dumps
    return cls(
  File "/usr/local/lib/python3.8/json/encoder.py", line 199, in encode
    chunks = self.iterencode(o, _one_shot=True)
  File "/usr/local/lib/python3.8/json/encoder.py", line 257, in iterencode
    return _iterencode(o, 0)
  File "/home/airflow/.local/lib/python3.8/site-packages/elasticsearch/serializer.py", line 73, in default
    raise TypeError(f"Unable to serialize {data!r} (type: {type(data)})")
TypeError: Unable to serialize <function Utils.units_transform.<locals>.<lambda> at 0x7faa1827cca0> (type: <class 'function'>)

During handling of the above exception, another exception occurred:

Traceback (most recent call last):
  File "/home/airflow/.local/lib/python3.8/site-packages/airflow/models/taskinstance.py", line 444, in _execute_task
    result = _execute_callable(context=context, **execute_callable_kwargs)
  File "/home/airflow/.local/lib/python3.8/site-packages/airflow/models/taskinstance.py", line 414, in _execute_callable
    return execute_callable(context=context, **execute_callable_kwargs)
  File "/home/airflow/.local/lib/python3.8/site-packages/airflow/decorators/base.py", line 241, in execute
    return_value = super().execute(context)
  File "/home/airflow/.local/lib/python3.8/site-packages/airflow/operators/python.py", line 200, in execute
    return_value = self.execute_callable()
  File "/home/airflow/.local/lib/python3.8/site-packages/airflow/operators/python.py", line 217, in execute_callable
    return self.python_callable(*self.op_args, **self.op_kwargs)
  File "/opt/airflow/dags/Units_dag.py", line 112, in ETL_job
    Elk_client.elk_pushData(Globals.index_name,units_list_update)
  File "/opt/airflow/dags/elk_manager.py", line 69, in elk_pushData
    helpers.bulk(self.elk_client, docs_list, index=index_name, chunk_size=batch)
  File "/home/airflow/.local/lib/python3.8/site-packages/elasticsearch/helpers/actions.py", line 521, in bulk
    for ok, item in streaming_bulk(
  File "/home/airflow/.local/lib/python3.8/site-packages/elasticsearch/helpers/actions.py", line 421, in streaming_bulk
    for bulk_data, bulk_actions in _chunk_actions(
  File "/home/airflow/.local/lib/python3.8/site-packages/elasticsearch/helpers/actions.py", line 233, in _chunk_actions
    ret = chunker.feed(action, data)
  File "/home/airflow/.local/lib/python3.8/site-packages/elasticsearch/helpers/actions.py", line 161, in feed
    data_bytes = to_bytes(self.serializer.dumps(data), "utf-8")
  File "/home/airflow/.local/lib/python3.8/site-packages/elastic_transport/_serializer.py", line 112, in dumps
    raise SerializationError(
elastic_transport.SerializationError: Unable to serialize to JSON: {'Unit': <function Utils.units_transform.<locals>.<lambda> at 0x7faa1827cca0>, 'spd': 0, 'acc': 0, 'last_update': 1713473208000, 'device_imei': '357073298590940', 'device_serial': '1125015014', 'sim_number': '+966830028783115', 'sim_serial': '996609821111333356', 'device': 'teltonika', 'company': '', 'user_id_units': '5edc9ce503ed5252d3361fa8', 'account': 'hertz-admin', 'operation_code': '', 'vehicle_battery': 13.016} (type: dict)
[2024-04-18T20:50:11.963+0000] {taskinstance.py:1149} INFO - Marking task as UP_FOR_RETRY. dag_id=Units_statistics_DAG, task_id=ETL_job, map_index=6, execution_date=20240418T204918, start_date=20240418T204930, end_date=20240418T205011
[2024-04-18T20:50:11.994+0000] {standard_task_runner.py:107} ERROR - Failed to execute job 8208 for task ETL_job (Unable to serialize to JSON: {'Unit': <function Utils.units_transform.<locals>.<lambda> at 0x7faa1827cca0>, 'spd': 0, 'acc': 0, 'last_update': 1713473208000, 'device_imei': '357073298590940', 'device_serial': '1125015014', 'sim_number': '+966830028783115', 'sim_serial': '996609821111333356', 'device': 'teltonika', 'company': '', 'user_id_units': '5edc9ce503ed5252d3361fa8', 'account': 'hertz-admin', 'operation_code': '', 'vehicle_battery': 13.016} (type: dict); 389099)
[2024-04-18T20:50:12.093+0000] {local_task_job_runner.py:234} INFO - Task exited with return code 1
[2024-04-18T20:50:12.119+0000] {taskinstance.py:3312} INFO - 0 downstream tasks scheduled from follow-on schedule check
