[2024-05-13T16:08:15.147+0000] {local_task_job_runner.py:120} INFO - ::group::Pre task execution logs
[2024-05-13T16:08:15.198+0000] {taskinstance.py:2076} INFO - Dependencies all met for dep_context=non-requeueable deps ti=<TaskInstance: AVL_DAG.MongoDb.connect_to_mongo_server manual__2024-05-13T16:06:54.930110+00:00 [queued]>
[2024-05-13T16:08:15.222+0000] {taskinstance.py:2076} INFO - Dependencies all met for dep_context=requeueable deps ti=<TaskInstance: AVL_DAG.MongoDb.connect_to_mongo_server manual__2024-05-13T16:06:54.930110+00:00 [queued]>
[2024-05-13T16:08:15.223+0000] {taskinstance.py:2306} INFO - Starting attempt 2 of 2
[2024-05-13T16:08:15.251+0000] {taskinstance.py:2330} INFO - Executing <Task(PythonOperator): MongoDb.connect_to_mongo_server> on 2024-05-13 16:06:54.930110+00:00
[2024-05-13T16:08:15.263+0000] {warnings.py:110} WARNING - /home/***/.local/lib/python3.12/site-packages/***/task/task_runner/standard_task_runner.py:61: DeprecationWarning: This process (pid=22035) is multi-threaded, use of fork() may lead to deadlocks in the child.
  pid = os.fork()

[2024-05-13T16:08:15.266+0000] {standard_task_runner.py:63} INFO - Started process 22036 to run task
[2024-05-13T16:08:15.267+0000] {standard_task_runner.py:90} INFO - Running: ['***', 'tasks', 'run', 'AVL_DAG', 'MongoDb.connect_to_mongo_server', 'manual__2024-05-13T16:06:54.930110+00:00', '--job-id', '56144', '--raw', '--subdir', 'DAGS_FOLDER/Avl_dag.py', '--cfg-path', '/tmp/tmpgopve5mg']
[2024-05-13T16:08:15.270+0000] {standard_task_runner.py:91} INFO - Job 56144: Subtask MongoDb.connect_to_mongo_server
[2024-05-13T16:08:15.361+0000] {task_command.py:426} INFO - Running <TaskInstance: AVL_DAG.MongoDb.connect_to_mongo_server manual__2024-05-13T16:06:54.930110+00:00 [running]> on host 7138d7e072c5
[2024-05-13T16:08:15.557+0000] {taskinstance.py:2648} INFO - Exporting env vars: AIRFLOW_CTX_DAG_OWNER='abeer-araby' AIRFLOW_CTX_DAG_ID='AVL_DAG' AIRFLOW_CTX_TASK_ID='MongoDb.connect_to_mongo_server' AIRFLOW_CTX_EXECUTION_DATE='2024-05-13T16:06:54.930110+00:00' AIRFLOW_CTX_TRY_NUMBER='2' AIRFLOW_CTX_DAG_RUN_ID='manual__2024-05-13T16:06:54.930110+00:00'
[2024-05-13T16:08:15.558+0000] {taskinstance.py:430} INFO - ::endgroup::
[2024-05-13T16:08:15.605+0000] {mongo_manager.py:23} INFO - Established mongo connection: mongodb://avlmdbr1.afaqy.sa:27017,avlmdbr2.afaqy.sa:27017,avlmdbr3.afaqy.sa:27017
[2024-05-13T16:08:15.622+0000] {xcom.py:675} ERROR - Object of type MongoClient is not JSON serializable. If you are using pickle instead of JSON for XCom, then you need to enable pickle support for XCom in your *** config or make sure to decorate your object with attr.
[2024-05-13T16:08:15.626+0000] {taskinstance.py:441} INFO - ::group::Post task execution logs
[2024-05-13T16:08:15.627+0000] {taskinstance.py:2905} ERROR - Task failed with exception
Traceback (most recent call last):
  File "/home/airflow/.local/lib/python3.12/site-packages/airflow/utils/json.py", line 91, in default
    return serialize(o)
           ^^^^^^^^^^^^
  File "/home/airflow/.local/lib/python3.12/site-packages/airflow/serialization/serde.py", line 160, in serialize
    data = getattr(o, "serialize")()
           ^^^^^^^^^^^^^^^^^^^^^^^^^
TypeError: 'Database' object is not callable

During handling of the above exception, another exception occurred:

Traceback (most recent call last):
  File "/home/airflow/.local/lib/python3.12/site-packages/airflow/models/taskinstance.py", line 465, in _execute_task
    result = _execute_callable(context=context, **execute_callable_kwargs)
             ^^^^^^^^^^^^^^^^^^^^^^^^^^^^^^^^^^^^^^^^^^^^^^^^^^^^^^^^^^^^^
  File "/home/airflow/.local/lib/python3.12/site-packages/airflow/models/taskinstance.py", line 432, in _execute_callable
    return execute_callable(context=context, **execute_callable_kwargs)
           ^^^^^^^^^^^^^^^^^^^^^^^^^^^^^^^^^^^^^^^^^^^^^^^^^^^^^^^^^^^^
  File "/home/airflow/.local/lib/python3.12/site-packages/airflow/models/baseoperator.py", line 400, in wrapper
    return func(self, *args, **kwargs)
           ^^^^^^^^^^^^^^^^^^^^^^^^^^^
  File "/home/airflow/.local/lib/python3.12/site-packages/airflow/operators/python.py", line 235, in execute
    return_value = self.execute_callable()
                   ^^^^^^^^^^^^^^^^^^^^^^^
  File "/home/airflow/.local/lib/python3.12/site-packages/airflow/operators/python.py", line 252, in execute_callable
    return self.python_callable(*self.op_args, **self.op_kwargs)
           ^^^^^^^^^^^^^^^^^^^^^^^^^^^^^^^^^^^^^^^^^^^^^^^^^^^^^
  File "/opt/airflow/dags/avl_pipeline/mongo_manager.py", line 24, in client
    kwargs['ti'].xcom_push(key='mongo_client', value= client)
  File "/home/airflow/.local/lib/python3.12/site-packages/airflow/utils/session.py", line 79, in wrapper
    return func(*args, session=session, **kwargs)
           ^^^^^^^^^^^^^^^^^^^^^^^^^^^^^^^^^^^^^^
  File "/home/airflow/.local/lib/python3.12/site-packages/airflow/models/taskinstance.py", line 3197, in xcom_push
    XCom.set(
  File "/home/airflow/.local/lib/python3.12/site-packages/airflow/utils/session.py", line 76, in wrapper
    return func(*args, **kwargs)
           ^^^^^^^^^^^^^^^^^^^^^
  File "/home/airflow/.local/lib/python3.12/site-packages/airflow/models/xcom.py", line 246, in set
    value = cls.serialize_value(
            ^^^^^^^^^^^^^^^^^^^^
  File "/home/airflow/.local/lib/python3.12/site-packages/airflow/models/xcom.py", line 673, in serialize_value
    return json.dumps(value, cls=XComEncoder).encode("UTF-8")
           ^^^^^^^^^^^^^^^^^^^^^^^^^^^^^^^^^^
  File "/usr/local/lib/python3.12/json/__init__.py", line 238, in dumps
    **kw).encode(obj)
          ^^^^^^^^^^^
  File "/home/airflow/.local/lib/python3.12/site-packages/airflow/utils/json.py", line 104, in encode
    return super().encode(o)
           ^^^^^^^^^^^^^^^^^
  File "/usr/local/lib/python3.12/json/encoder.py", line 200, in encode
    chunks = self.iterencode(o, _one_shot=True)
             ^^^^^^^^^^^^^^^^^^^^^^^^^^^^^^^^^^
  File "/usr/local/lib/python3.12/json/encoder.py", line 258, in iterencode
    return _iterencode(o, 0)
           ^^^^^^^^^^^^^^^^^
  File "/home/airflow/.local/lib/python3.12/site-packages/airflow/utils/json.py", line 93, in default
    return super().default(o)
           ^^^^^^^^^^^^^^^^^^
  File "/usr/local/lib/python3.12/json/encoder.py", line 180, in default
    raise TypeError(f'Object of type {o.__class__.__name__} '
TypeError: Object of type MongoClient is not JSON serializable
[2024-05-13T16:08:15.649+0000] {taskinstance.py:1206} INFO - Marking task as FAILED. dag_id=AVL_DAG, task_id=MongoDb.connect_to_mongo_server, run_id=manual__2024-05-13T16:06:54.930110+00:00, execution_date=20240513T160654, start_date=20240513T160815, end_date=20240513T160815
[2024-05-13T16:08:15.668+0000] {standard_task_runner.py:110} ERROR - Failed to execute job 56144 for task MongoDb.connect_to_mongo_server (Object of type MongoClient is not JSON serializable; 22036)
[2024-05-13T16:08:15.688+0000] {local_task_job_runner.py:240} INFO - Task exited with return code 1
[2024-05-13T16:08:15.740+0000] {taskinstance.py:3498} INFO - 0 downstream tasks scheduled from follow-on schedule check
[2024-05-13T16:08:15.747+0000] {local_task_job_runner.py:222} INFO - ::endgroup::
