[2024-04-18T20:38:28.855+0000] {taskinstance.py:1979} INFO - Dependencies all met for dep_context=non-requeueable deps ti=<TaskInstance: Units_statistics_DAG.ETL_job manual__2024-04-18T20:35:08.633154+00:00 map_index=5 [queued]>
[2024-04-18T20:38:28.868+0000] {taskinstance.py:1979} INFO - Dependencies all met for dep_context=requeueable deps ti=<TaskInstance: Units_statistics_DAG.ETL_job manual__2024-04-18T20:35:08.633154+00:00 map_index=5 [queued]>
[2024-04-18T20:38:28.868+0000] {taskinstance.py:2193} INFO - Starting attempt 3 of 4
[2024-04-18T20:38:28.887+0000] {taskinstance.py:2217} INFO - Executing <Mapped(_PythonDecoratedOperator): ETL_job> on 2024-04-18 20:35:08.633154+00:00
[2024-04-18T20:38:28.895+0000] {standard_task_runner.py:60} INFO - Started process 388662 to run task
[2024-04-18T20:38:28.901+0000] {standard_task_runner.py:87} INFO - Running: ['***', 'tasks', 'run', 'Units_statistics_DAG', 'ETL_job', 'manual__2024-04-18T20:35:08.633154+00:00', '--job-id', '8112', '--raw', '--subdir', 'DAGS_FOLDER/Units_dag.py', '--cfg-path', '/tmp/tmp7uzke4kp', '--map-index', '5']
[2024-04-18T20:38:28.903+0000] {standard_task_runner.py:88} INFO - Job 8112: Subtask ETL_job
[2024-04-18T20:38:28.986+0000] {task_command.py:423} INFO - Running <TaskInstance: Units_statistics_DAG.ETL_job manual__2024-04-18T20:35:08.633154+00:00 map_index=5 [running]> on host a09da322e808
[2024-04-18T20:38:29.176+0000] {taskinstance.py:2513} INFO - Exporting env vars: AIRFLOW_CTX_DAG_OWNER='abeer-araby' AIRFLOW_CTX_DAG_ID='Units_statistics_DAG' AIRFLOW_CTX_TASK_ID='ETL_job' AIRFLOW_CTX_EXECUTION_DATE='2024-04-18T20:35:08.633154+00:00' AIRFLOW_CTX_TRY_NUMBER='3' AIRFLOW_CTX_DAG_RUN_ID='manual__2024-04-18T20:35:08.633154+00:00'
[2024-04-18T20:38:29.179+0000] {Units_dag.py:99} INFO - i: 50000, chunk: 10000
[2024-04-18T20:38:29.180+0000] {Units_dag.py:100} INFO - child token is::: eyJ0eXAiOiJKV1QiLCJhbGciOiJIUzI1NiJ9.eyJpc3MiOiJodHRwczovL2FwaS5hZmFxeS5zYS9hdXRoL2xvZ2luX2FzIiwiaWF0IjoxNzEzNDcyNTEzLCJleHAiOjE3MTYwNjQ1MTMsIm5iZiI6MTcxMzQ3MjUxMywianRpIjoidFlyYnFDaERSWk14V3RWVCIsInN1YiI6IjVkNjNlNTFlMDNlZDUyOTJhNDJjMjRlNiIsInBydiI6IjI3MGVjZmM3ZWEzZWQ5MzdlYTg0OTM2MmEzYTUwOTEwYzZkOGNlNGYiLCJsb2dpbl9hc19pZCI6IjY1N2YwYWQ3M2Y5NzcyOTVjZjA1NTc2YSJ9.mJL5dRz5WcneUVm_lJVNosSoMPGwub1qrEoZVYWh4Ko
[2024-04-18T20:38:44.402+0000] {Units_dag.py:104} INFO - {'_id': '62ac78d9e3242769b51e1bf7', 'icon': 'icons/icon.png', 'driver_id': '62b860bf70a8a171b75a77b3', 'tailer_id': '', 'profile': {'vehicle_type': '', 'measurement_type': 'count', 'max_capacity': 0, 'vin': '', 'plate_number': '', 'start_operation': '', 'contract_milage': '', 'opening_milage': '', 'model': '', 'fuel_type': '91', 'year': 0, 'seats': 2}, 'device_password': '***', 'device_type': 'gps', 'gateway': False, 'name': '5447-URA-GPS', 'operation_code': '', 'imei': '866854051784877', 'sim_number': '+966830028962412', 'sim_serial': '8996609821111018723', 'device_serial': '866854051784877', 'device': 'bce', 'created_by': '6107cbcaba9fbe05fc099e4e', 'user_id': '6107cbcaba9fbe05fc099e4e', 'updated_at': '2024-04-18 11:18:59', 'created_at': '2022-06-17 15:51:37', 'business_types': {'waste': False, 'transportation': True, 'water': False, 'hajj': False}, 'device_gateway': '', 'custom_fields': [], 'creator': 'traval-admin', 'company': '', 'owner': 'traval-admin', 'last_update': {'dtt': 1713472682000, 'dts': 1713472706763, 'spd': 0, 'ang': 328, 'alt': 628, 'chPrams': {'ePwrV': {'v': 12.461, 'cdt': 1713472682000}, 'di16': {'v': 1, 'cdt': 1712939928000}, 'rssi1': {'v': 57, 'cdt': 1713472682000}, 'di15': {'v': 0, 'cdt': 1712939928000}, 'di14': {'v': 0, 'cdt': 1713472648000}, 'di13': {'v': 0, 'cdt': 1712939928000}, 'di12': {'v': 0, 'cdt': 1712939928000}, 'di11': {'v': 0, 'cdt': 1712939928000}, 'di10': {'v': 0, 'cdt': 1712939928000}, 'di2': {'v': 1, 'cdt': 1712939928000}, 'di1': {'v': 0, 'cdt': 1713472682000}, 'di4': {'v': 0, 'cdt': 1712939928000}, 'di3': {'v': 0, 'cdt': 1712939928000}, 'di6': {'v': 1, 'cdt': 1712939928000}, 'di5': {'v': 1, 'cdt': 1713472494000}, 'lac1': {'v': 1251, 'cdt': 1713466462000}, 'protocol': {'v': 'bce', 'cdt': 1712939928000}, 'di8': {'v': 1, 'cdt': 1712939928000}, 'di7': {'v': 1, 'cdt': 1713472494000}, 'di9': {'v': 0, 'cdt': 1712939928000}, 'iPwrV': {'v': 3.988, 'cdt': 1713472648000}, 'cid1': {'v': 10133, 'cdt': 1713472624000}, 'odometer': {'v': 0, 'cdt': 1713472682000}, 'spd': {'v': 0, 'cdt': 1713472652000}, 'sat': {'v': 14, 'cdt': 1713472682000}, 'hdop': {'v': 1, 'cdt': 1713456162000}, 'ta': {'v': 0, 'cdt': 1712939928000}, 'mcc1': {'v': 420, 'cdt': 1713421220000}, 'mnc1': {'v': 3, 'cdt': 1713421220000}}, 'prms': {'protocol': 'bce', 'spd': 0, 'sat': 14, 'hdop': 1, 'odometer': 0, 'di16': 1, 'di15': 0, 'di14': 0, 'di13': 0, 'di12': 0, 'di11': 0, 'di10': 0, 'di9': 0, 'di8': 1, 'di7': 1, 'di6': 1, 'di5': 1, 'di4': 0, 'di3': 0, 'di2': 1, 'di1': 0, 'ePwrV': 12.461, 'iPwrV': 3.988, 'ta': 0, 'mcc1': 420, 'mnc1': 3, 'lac1': 1251, 'cid1': 10133, 'rssi1': 57}, 'devPrms': ['protocol', 'spd', 'sat', 'hdop', 'odometer', 'di16', 'di15', 'di14', 'di13', 'di12', 'di11', 'di10', 'di9', 'di8', 'di7', 'di6', 'di5', 'di4', 'di3', 'di2', 'di1', 'ePwrV', 'iPwrV', 'ta', 'mcc1', 'mnc1', 'lac1', 'cid1', 'rssi1'], 'old_params': {'protocol': 'bce', 'spd': 0, 'sat': 15, 'hdop': 1, 'odometer': 1082771513, 'di16': 1, 'di15': 0, 'di14': 0, 'di13': 0, 'di12': 0, 'di11': 0, 'di10': 0, 'di9': 0, 'di8': 1, 'di7': 1, 'di6': 1, 'di5': 1, 'di4': 0, 'di3': 0, 'di2': 1, 'di1': 1, 'ePwrV': 13.525, 'iPwrV': 3.988, 'ta': 0, 'mcc1': 420, 'mnc1': 3, 'lac1': 1251, 'cid1': 10133, 'rssi1': 63}, 'vLoc': 1, 'vCon': 1, 'ip': '109.83.95.24', 'rl': 0.0004, 'trl': 84074.8092, 'mdu': 0, 'tmdu': 6092366, 'eidl': 30, 'teidl': 3786622, 'fc': 4.8e-05, 'tfc': 16.535916, 'acc': 1, 'accOn': 26964561, 'accOff': 5877574, 'sdu': 0, 'tsdu': 0, 'lat': 24.955373764038086, 'lng': 46.705223083496094}, 'counters': {'odometer_type': 'gps', 'odometer': 253479.7463, 'engine_hours_type': 'acc', 'engine_hours': 26964561, 'last_acc': 1}, 'is_wasl_connected': 'Connected', 'iconUrl': 'https://api.afaqy.sa/images/units/icons/icon.png', 'hasCCTV': False}
[2024-04-18T20:38:44.908+0000] {warnings.py:109} WARNING - /home/***/.local/lib/python3.8/site-packages/elasticsearch/_sync/client/__init__.py:399: SecurityWarning: Connecting to 'https://dbelk2.afaqy.local:9200' using TLS with verify_certs=False is insecure
  _transport = transport_class(

[2024-04-18T20:38:44.951+0000] {warnings.py:109} WARNING - /home/***/.local/lib/python3.8/site-packages/elasticsearch/_sync/client/__init__.py:399: SecurityWarning: Connecting to 'https://dbelk3.afaqy.local:9200' using TLS with verify_certs=False is insecure
  _transport = transport_class(

[2024-04-18T20:38:45.002+0000] {warnings.py:109} WARNING - /home/***/.local/lib/python3.8/site-packages/elasticsearch/_sync/client/__init__.py:399: SecurityWarning: Connecting to 'https://dbelk1.afaqy.local:9200' using TLS with verify_certs=False is insecure
  _transport = transport_class(

[2024-04-18T20:38:45.030+0000] {warnings.py:109} WARNING - /home/***/.local/lib/python3.8/site-packages/urllib3/connectionpool.py:1061: InsecureRequestWarning: Unverified HTTPS request is being made to host 'dbelk2.afaqy.local'. Adding certificate verification is strongly advised. See: https://urllib3.readthedocs.io/en/1.26.x/advanced-usage.html#ssl-warnings
  warnings.warn(

[2024-04-18T20:38:45.119+0000] {_transport.py:335} INFO - GET https://dbelk2.afaqy.local:9200/_cluster/health [status:200 duration:0.114s]
[2024-04-18T20:38:45.721+0000] {taskinstance.py:2731} ERROR - Task failed with exception
Traceback (most recent call last):
  File "/home/airflow/.local/lib/python3.8/site-packages/elastic_transport/_serializer.py", line 108, in dumps
    return self.json_dumps(data)
  File "/home/airflow/.local/lib/python3.8/site-packages/elastic_transport/_serializer.py", line 79, in json_dumps
    return json.dumps(
  File "/usr/local/lib/python3.8/json/__init__.py", line 234, in dumps
    return cls(
  File "/usr/local/lib/python3.8/json/encoder.py", line 199, in encode
    chunks = self.iterencode(o, _one_shot=True)
  File "/usr/local/lib/python3.8/json/encoder.py", line 257, in iterencode
    return _iterencode(o, 0)
  File "/home/airflow/.local/lib/python3.8/site-packages/elasticsearch/serializer.py", line 73, in default
    raise TypeError(f"Unable to serialize {data!r} (type: {type(data)})")
TypeError: Unable to serialize <function Utils.units_transform.<locals>.<lambda> at 0x7faa185fe8b0> (type: <class 'function'>)

During handling of the above exception, another exception occurred:

Traceback (most recent call last):
  File "/home/airflow/.local/lib/python3.8/site-packages/airflow/models/taskinstance.py", line 444, in _execute_task
    result = _execute_callable(context=context, **execute_callable_kwargs)
  File "/home/airflow/.local/lib/python3.8/site-packages/airflow/models/taskinstance.py", line 414, in _execute_callable
    return execute_callable(context=context, **execute_callable_kwargs)
  File "/home/airflow/.local/lib/python3.8/site-packages/airflow/decorators/base.py", line 241, in execute
    return_value = super().execute(context)
  File "/home/airflow/.local/lib/python3.8/site-packages/airflow/operators/python.py", line 200, in execute
    return_value = self.execute_callable()
  File "/home/airflow/.local/lib/python3.8/site-packages/airflow/operators/python.py", line 217, in execute_callable
    return self.python_callable(*self.op_args, **self.op_kwargs)
  File "/opt/airflow/dags/Units_dag.py", line 112, in ETL_job
    Elk_client.elk_pushData(Globals.index_name,units_list_update)
  File "/opt/airflow/dags/elk_manager.py", line 69, in elk_pushData
    helpers.bulk(self.elk_client, docs_list, index=index_name, chunk_size=batch)
  File "/home/airflow/.local/lib/python3.8/site-packages/elasticsearch/helpers/actions.py", line 521, in bulk
    for ok, item in streaming_bulk(
  File "/home/airflow/.local/lib/python3.8/site-packages/elasticsearch/helpers/actions.py", line 421, in streaming_bulk
    for bulk_data, bulk_actions in _chunk_actions(
  File "/home/airflow/.local/lib/python3.8/site-packages/elasticsearch/helpers/actions.py", line 233, in _chunk_actions
    ret = chunker.feed(action, data)
  File "/home/airflow/.local/lib/python3.8/site-packages/elasticsearch/helpers/actions.py", line 161, in feed
    data_bytes = to_bytes(self.serializer.dumps(data), "utf-8")
  File "/home/airflow/.local/lib/python3.8/site-packages/elastic_transport/_serializer.py", line 112, in dumps
    raise SerializationError(
elastic_transport.SerializationError: Unable to serialize to JSON: {'Unit': <function Utils.units_transform.<locals>.<lambda> at 0x7faa185fe8b0>, 'spd': 0, 'acc': 1, 'last_update': 1713472682000, 'device_imei': '866854051784877', 'device_serial': '866854051784877', 'sim_number': '+966830028962412', 'sim_serial': '8996609821111018723', 'device': 'bce', 'company': '', 'user_id_units': '6107cbcaba9fbe05fc099e4e', 'account': 'traval-admin', 'operation_code': '', 'vehicle_battery': 12.461} (type: dict)
[2024-04-18T20:38:45.733+0000] {taskinstance.py:1149} INFO - Marking task as UP_FOR_RETRY. dag_id=Units_statistics_DAG, task_id=ETL_job, map_index=5, execution_date=20240418T203508, start_date=20240418T203828, end_date=20240418T203845
[2024-04-18T20:38:45.752+0000] {standard_task_runner.py:107} ERROR - Failed to execute job 8112 for task ETL_job (Unable to serialize to JSON: {'Unit': <function Utils.units_transform.<locals>.<lambda> at 0x7faa185fe8b0>, 'spd': 0, 'acc': 1, 'last_update': 1713472682000, 'device_imei': '866854051784877', 'device_serial': '866854051784877', 'sim_number': '+966830028962412', 'sim_serial': '8996609821111018723', 'device': 'bce', 'company': '', 'user_id_units': '6107cbcaba9fbe05fc099e4e', 'account': 'traval-admin', 'operation_code': '', 'vehicle_battery': 12.461} (type: dict); 388662)
[2024-04-18T20:38:45.799+0000] {local_task_job_runner.py:234} INFO - Task exited with return code 1
[2024-04-18T20:38:45.819+0000] {taskinstance.py:3312} INFO - 0 downstream tasks scheduled from follow-on schedule check
