[2024-05-01T07:20:01.111+0000] {taskinstance.py:1979} INFO - Dependencies all met for dep_context=non-requeueable deps ti=<TaskInstance: Units_statistics_DAG.login_parent scheduled__2024-05-01T07:00:00+00:00 [queued]>
[2024-05-01T07:20:01.126+0000] {taskinstance.py:1979} INFO - Dependencies all met for dep_context=requeueable deps ti=<TaskInstance: Units_statistics_DAG.login_parent scheduled__2024-05-01T07:00:00+00:00 [queued]>
[2024-05-01T07:20:01.127+0000] {taskinstance.py:2193} INFO - Starting attempt 1 of 4
[2024-05-01T07:20:01.151+0000] {taskinstance.py:2217} INFO - Executing <Task(_PythonDecoratedOperator): login_parent> on 2024-05-01 07:00:00+00:00
[2024-05-01T07:20:01.159+0000] {standard_task_runner.py:60} INFO - Started process 680998 to run task
[2024-05-01T07:20:01.166+0000] {standard_task_runner.py:87} INFO - Running: ['***', 'tasks', 'run', 'Units_statistics_DAG', 'login_parent', 'scheduled__2024-05-01T07:00:00+00:00', '--job-id', '25959', '--raw', '--subdir', 'DAGS_FOLDER/Units_dag.py', '--cfg-path', '/tmp/tmpeta0lf7v']
[2024-05-01T07:20:01.168+0000] {standard_task_runner.py:88} INFO - Job 25959: Subtask login_parent
[2024-05-01T07:20:01.261+0000] {task_command.py:423} INFO - Running <TaskInstance: Units_statistics_DAG.login_parent scheduled__2024-05-01T07:00:00+00:00 [running]> on host a09da322e808
[2024-05-01T07:20:01.413+0000] {taskinstance.py:2513} INFO - Exporting env vars: AIRFLOW_CTX_DAG_OWNER='abeer-araby' AIRFLOW_CTX_DAG_ID='Units_statistics_DAG' AIRFLOW_CTX_TASK_ID='login_parent' AIRFLOW_CTX_EXECUTION_DATE='2024-05-01T07:00:00+00:00' AIRFLOW_CTX_TRY_NUMBER='1' AIRFLOW_CTX_DAG_RUN_ID='scheduled__2024-05-01T07:00:00+00:00'
[2024-05-01T07:20:19.851+0000] {taskinstance.py:2731} ERROR - Task failed with exception
Traceback (most recent call last):
  File "/home/airflow/.local/lib/python3.8/site-packages/urllib3/connection.py", line 174, in _new_conn
    conn = connection.create_connection(
  File "/home/airflow/.local/lib/python3.8/site-packages/urllib3/util/connection.py", line 95, in create_connection
    raise err
  File "/home/airflow/.local/lib/python3.8/site-packages/urllib3/util/connection.py", line 85, in create_connection
    sock.connect(sa)
OSError: [Errno 113] No route to host

During handling of the above exception, another exception occurred:

Traceback (most recent call last):
  File "/home/airflow/.local/lib/python3.8/site-packages/urllib3/connectionpool.py", line 715, in urlopen
    httplib_response = self._make_request(
  File "/home/airflow/.local/lib/python3.8/site-packages/urllib3/connectionpool.py", line 404, in _make_request
    self._validate_conn(conn)
  File "/home/airflow/.local/lib/python3.8/site-packages/urllib3/connectionpool.py", line 1058, in _validate_conn
    conn.connect()
  File "/home/airflow/.local/lib/python3.8/site-packages/urllib3/connection.py", line 363, in connect
    self.sock = conn = self._new_conn()
  File "/home/airflow/.local/lib/python3.8/site-packages/urllib3/connection.py", line 186, in _new_conn
    raise NewConnectionError(
urllib3.exceptions.NewConnectionError: <urllib3.connection.HTTPSConnection object at 0x7faa182d59a0>: Failed to establish a new connection: [Errno 113] No route to host

During handling of the above exception, another exception occurred:

Traceback (most recent call last):
  File "/home/airflow/.local/lib/python3.8/site-packages/requests/adapters.py", line 486, in send
    resp = conn.urlopen(
  File "/home/airflow/.local/lib/python3.8/site-packages/urllib3/connectionpool.py", line 799, in urlopen
    retries = retries.increment(
  File "/home/airflow/.local/lib/python3.8/site-packages/urllib3/util/retry.py", line 592, in increment
    raise MaxRetryError(_pool, url, error or ResponseError(cause))
urllib3.exceptions.MaxRetryError: HTTPSConnectionPool(host='api.afaqy.sa', port=443): Max retries exceeded with url: /auth/login (Caused by NewConnectionError('<urllib3.connection.HTTPSConnection object at 0x7faa182d59a0>: Failed to establish a new connection: [Errno 113] No route to host'))

During handling of the above exception, another exception occurred:

Traceback (most recent call last):
  File "/home/airflow/.local/lib/python3.8/site-packages/airflow/models/taskinstance.py", line 444, in _execute_task
    result = _execute_callable(context=context, **execute_callable_kwargs)
  File "/home/airflow/.local/lib/python3.8/site-packages/airflow/models/taskinstance.py", line 414, in _execute_callable
    return execute_callable(context=context, **execute_callable_kwargs)
  File "/home/airflow/.local/lib/python3.8/site-packages/airflow/decorators/base.py", line 241, in execute
    return_value = super().execute(context)
  File "/home/airflow/.local/lib/python3.8/site-packages/airflow/operators/python.py", line 200, in execute
    return_value = self.execute_callable()
  File "/home/airflow/.local/lib/python3.8/site-packages/airflow/operators/python.py", line 217, in execute_callable
    return self.python_callable(*self.op_args, **self.op_kwargs)
  File "/opt/airflow/dags/Units_dag.py", line 42, in login_parent
    response = _ApiCaller.post(Globals.api_endpoint + "auth/login", data_payload)
  File "/home/airflow/.local/lib/python3.8/site-packages/requests/api.py", line 115, in post
    return request("post", url, data=data, json=json, **kwargs)
  File "/home/airflow/.local/lib/python3.8/site-packages/requests/api.py", line 59, in request
    return session.request(method=method, url=url, **kwargs)
  File "/home/airflow/.local/lib/python3.8/site-packages/requests/sessions.py", line 589, in request
    resp = self.send(prep, **send_kwargs)
  File "/home/airflow/.local/lib/python3.8/site-packages/requests/sessions.py", line 703, in send
    r = adapter.send(request, **kwargs)
  File "/home/airflow/.local/lib/python3.8/site-packages/requests/adapters.py", line 519, in send
    raise ConnectionError(e, request=request)
requests.exceptions.ConnectionError: HTTPSConnectionPool(host='api.afaqy.sa', port=443): Max retries exceeded with url: /auth/login (Caused by NewConnectionError('<urllib3.connection.HTTPSConnection object at 0x7faa182d59a0>: Failed to establish a new connection: [Errno 113] No route to host'))
[2024-05-01T07:20:19.878+0000] {taskinstance.py:1149} INFO - Marking task as UP_FOR_RETRY. dag_id=Units_statistics_DAG, task_id=login_parent, execution_date=20240501T070000, start_date=20240501T072001, end_date=20240501T072019
[2024-05-01T07:20:19.897+0000] {standard_task_runner.py:107} ERROR - Failed to execute job 25959 for task login_parent (HTTPSConnectionPool(host='api.afaqy.sa', port=443): Max retries exceeded with url: /auth/login (Caused by NewConnectionError('<urllib3.connection.HTTPSConnection object at 0x7faa182d59a0>: Failed to establish a new connection: [Errno 113] No route to host')); 680998)
[2024-05-01T07:20:19.923+0000] {local_task_job_runner.py:234} INFO - Task exited with return code 1
[2024-05-01T07:20:19.972+0000] {taskinstance.py:3312} INFO - 0 downstream tasks scheduled from follow-on schedule check
