[2024-05-07T09:20:14.343+0000] {taskinstance.py:1979} INFO - Dependencies all met for dep_context=non-requeueable deps ti=<TaskInstance: Units_statistics_DAG.ETL_job scheduled__2024-05-07T09:00:00+00:00 map_index=12 [queued]>
[2024-05-07T09:20:14.411+0000] {taskinstance.py:1979} INFO - Dependencies all met for dep_context=requeueable deps ti=<TaskInstance: Units_statistics_DAG.ETL_job scheduled__2024-05-07T09:00:00+00:00 map_index=12 [queued]>
[2024-05-07T09:20:14.411+0000] {taskinstance.py:2193} INFO - Starting attempt 1 of 4
[2024-05-07T09:20:14.500+0000] {taskinstance.py:2217} INFO - Executing <Mapped(_PythonDecoratedOperator): ETL_job> on 2024-05-07 09:00:00+00:00
[2024-05-07T09:20:14.558+0000] {standard_task_runner.py:60} INFO - Started process 830299 to run task
[2024-05-07T09:20:14.612+0000] {standard_task_runner.py:87} INFO - Running: ['***', 'tasks', 'run', 'Units_statistics_DAG', 'ETL_job', 'scheduled__2024-05-07T09:00:00+00:00', '--job-id', '37949', '--raw', '--subdir', 'DAGS_FOLDER/Units_dag.py', '--cfg-path', '/tmp/tmpsxfcf428', '--map-index', '12']
[2024-05-07T09:20:14.646+0000] {standard_task_runner.py:88} INFO - Job 37949: Subtask ETL_job
[2024-05-07T09:20:14.929+0000] {task_command.py:423} INFO - Running <TaskInstance: Units_statistics_DAG.ETL_job scheduled__2024-05-07T09:00:00+00:00 map_index=12 [running]> on host a09da322e808
[2024-05-07T09:20:15.484+0000] {taskinstance.py:2513} INFO - Exporting env vars: AIRFLOW_CTX_DAG_OWNER='abeer-araby' AIRFLOW_CTX_DAG_ID='Units_statistics_DAG' AIRFLOW_CTX_TASK_ID='ETL_job' AIRFLOW_CTX_EXECUTION_DATE='2024-05-07T09:00:00+00:00' AIRFLOW_CTX_TRY_NUMBER='1' AIRFLOW_CTX_DAG_RUN_ID='scheduled__2024-05-07T09:00:00+00:00'
[2024-05-07T09:20:15.491+0000] {Units_dag.py:98} INFO - i: 120000, chunk: 10000
[2024-05-07T09:20:15.491+0000] {Units_dag.py:99} INFO - child token is::: eyJ0eXAiOiJKV1QiLCJhbGciOiJIUzI1NiJ9.eyJpc3MiOiJodHRwczovL2FwaS5hZmFxeS5zYS9hdXRoL2xvZ2luX2FzIiwiaWF0IjoxNzE1MDczNjA0LCJleHAiOjE3MTc2NjU2MDQsIm5iZiI6MTcxNTA3MzYwNCwianRpIjoiemx2WGZTNktKWEdMcEg4QiIsInN1YiI6IjVkNjNlNTFlMDNlZDUyOTJhNDJjMjRlNiIsInBydiI6IjI3MGVjZmM3ZWEzZWQ5MzdlYTg0OTM2MmEzYTUwOTEwYzZkOGNlNGYiLCJsb2dpbl9hc19pZCI6IjY1N2YwYWQ3M2Y5NzcyOTVjZjA1NTc2YSJ9.n_BPA9-X92q7TWAPN0RIK7TUi6ihlR82rb8rSBM5qwE
[2024-05-07T09:20:41.292+0000] {Units_dag.py:103} INFO - {'_id': '64cb7f9676a7e533ba359565', 'icon': 'icons/icon.png', 'driver_id': '', 'tailer_id': '', 'profile': {'vehicle_type': '', 'measurement_type': 'count', 'max_capacity': 0, 'vin': '', 'plate_number': '', 'start_operation': '', 'contract_milage': '', 'opening_milage': '', 'model': '', 'fuel_type': '91', 'year': 0, 'seats': 2}, 'device_password': '***', 'device_type': 'gps', 'gateway': False, 'business_types': {'waste': False, 'transportation': True, 'water': False}, 'name': '8803 X D A', 'operation_code': '', 'device_gateway': '', 'skip_sim_information': False, 'imei': '860665057454539', 'sim_number': '+966830031797870', 'sim_serial': '421296732485', 'device_serial': '860665057454539', 'device': 'bce', 'user_id': '625803f9eab5ed53380a3db4', 'created_by': '5e6655bf03ed52e1ab79d301', 'updated_at': '2024-04-18 11:18:59', 'created_at': '2023-08-03 13:21:10', 'custom_fields': [], 'creator': 'amr.ahmed', 'company': '', 'owner': 'sultan-trans-admin', 'last_update': {'dtt': 1715073578000, 'dts': 1715073586850, 'spd': 64, 'ang': 62, 'alt': 167, 'chPrams': {'ePwrV': {'v': 28.014, 'cdt': 1715073548000}, 'di16': {'v': 1, 'cdt': 1714387576000}, 'rssi1': {'v': 63, 'cdt': 1715073548000}, 'di15': {'v': 0, 'cdt': 1713383502000}, 'di14': {'v': 1, 'cdt': 1715071878000}, 'di13': {'v': 0, 'cdt': 1714387576000}, 'di12': {'v': 0, 'cdt': 1714387576000}, 'di11': {'v': 0, 'cdt': 1714387576000}, 'di10': {'v': 0, 'cdt': 1714387576000}, 'di2': {'v': 1, 'cdt': 1713019388000}, 'di1': {'v': 1, 'cdt': 1715065376000}, 'ai4': {'v': 13032, 'cdt': 1715073578000}, 'di4': {'v': 0, 'cdt': 1714387576000}, 'di3': {'v': 0, 'cdt': 1714387576000}, 'di6': {'v': 0, 'cdt': 1714387576000}, 'di5': {'v': 1, 'cdt': 1715065376000}, 'lac1': {'v': 12109, 'cdt': 1715069276000}, 'di8': {'v': 1, 'cdt': 1713019388000}, 'protocol': {'v': 'bce', 'cdt': 1714387576000}, 'di7': {'v': 1, 'cdt': 1715065376000}, 'di9': {'v': 0, 'cdt': 1714560420000}, 'iPwrV': {'v': 4.125, 'cdt': 1715073506000}, 'brk': {'v': '0.00', 'cdt': 1715073382000}, 'cid1': {'v': 18742, 'cdt': 1715073496000}, 'crn': {'v': '0.02', 'cdt': 1715073548000}, 'odometer': {'v': 1141333760, 'cdt': 1715073578000}, 'spd': {'v': 64, 'cdt': 1715073548000}, 'sat': {'v': 12, 'cdt': 1715070716000}, 'hdop': {'v': 1, 'cdt': 1714981784000}, 'accel': {'v': '0.02', 'cdt': 1715073578000}, 'ta': {'v': 0, 'cdt': 1714387576000}, 'mcc1': {'v': 420, 'cdt': 1714650494000}, 'mnc1': {'v': 4, 'cdt': 1713599532000}}, 'prms': {'protocol': 'bce', 'spd': 64, 'sat': 12, 'hdop': 1, 'odometer': 1141333760, 'di16': 1, 'di15': 0, 'di14': 1, 'di13': 0, 'di12': 0, 'di11': 0, 'di10': 0, 'di9': 0, 'di8': 1, 'di7': 1, 'di6': 0, 'di5': 1, 'di4': 0, 'di3': 0, 'di2': 1, 'di1': 1, 'ePwrV': 28.014, 'ai4': 13032, 'iPwrV': 4.125, 'ta': 0, 'mcc1': 420, 'mnc1': 4, 'lac1': 12109, 'cid1': 18742, 'rssi1': 63, 'accel': '0.02', 'brk': '0.00', 'crn': '0.02'}, 'devPrms': ['protocol', 'spd', 'sat', 'hdop', 'odometer', 'di16', 'di15', 'di14', 'di13', 'di12', 'di11', 'di10', 'di9', 'di8', 'di7', 'di6', 'di5', 'di4', 'di3', 'di2', 'di1', 'ePwrV', 'ai4', 'iPwrV', 'ta', 'mcc1', 'mnc1', 'lac1', 'cid1', 'rssi1', 'accel', 'brk', 'crn'], 'old_params': {'protocol': 'bce', 'spd': 64, 'sat': 12, 'hdop': 1, 'odometer': 1129876737, 'di16': 1, 'di15': 0, 'di14': 1, 'di13': 0, 'di12': 0, 'di11': 0, 'di10': 0, 'di9': 0, 'di8': 1, 'di7': 1, 'di6': 0, 'di5': 1, 'di4': 0, 'di3': 0, 'di2': 1, 'di1': 1, 'ePwrV': 28.014, 'ai4': 12991, 'iPwrV': 4.125, 'ta': 0, 'mcc1': 420, 'mnc1': 4, 'lac1': 12109, 'cid1': 18742, 'rssi1': 63, 'accel': '0.00', 'brk': '0.00', 'crn': '0.02'}, 'vLoc': 1, 'vCon': 1, 'ip': '51.39.42.59', 'rl': 0.5429, 'trl': 67990.5876, 'mdu': 30, 'tmdu': 4700746, 'eidl': 0, 'teidl': 4636352, 'fc': 0.065148, 'tfc': 23.664384, 'acc': 1, 'accOn': 9652574, 'accOff': 20641830, 'sdu': 0, 'tsdu': 0, 'lat': 25.834054946899414, 'lng': 48.84763717651367}, 'counters': {'odometer_type': 'gps', 'odometer': 67989.4545, 'engine_hours_type': 'acc', 'engine_hours': 9652574, 'last_acc': 1}, 'is_wasl_connected': 'Not Connected', 'iconUrl': 'https://api.afaqy.sa/images/units/icons/icon.png', 'hasCCTV': False}
[2024-05-07T09:20:42.088+0000] {warnings.py:109} WARNING - /home/***/.local/lib/python3.8/site-packages/elasticsearch/_sync/client/__init__.py:399: SecurityWarning: Connecting to 'https://dbelk1.afaqy.local:9200' using TLS with verify_certs=False is insecure
  _transport = transport_class(

[2024-05-07T09:20:42.163+0000] {warnings.py:109} WARNING - /home/***/.local/lib/python3.8/site-packages/elasticsearch/_sync/client/__init__.py:399: SecurityWarning: Connecting to 'https://dbelk2.afaqy.local:9200' using TLS with verify_certs=False is insecure
  _transport = transport_class(

[2024-05-07T09:20:42.220+0000] {warnings.py:109} WARNING - /home/***/.local/lib/python3.8/site-packages/elasticsearch/_sync/client/__init__.py:399: SecurityWarning: Connecting to 'https://dbelk3.afaqy.local:9200' using TLS with verify_certs=False is insecure
  _transport = transport_class(

[2024-05-07T09:20:42.248+0000] {warnings.py:109} WARNING - /home/***/.local/lib/python3.8/site-packages/urllib3/connectionpool.py:1061: InsecureRequestWarning: Unverified HTTPS request is being made to host 'dbelk1.afaqy.local'. Adding certificate verification is strongly advised. See: https://urllib3.readthedocs.io/en/1.26.x/advanced-usage.html#ssl-warnings
  warnings.warn(

[2024-05-07T09:20:42.312+0000] {_transport.py:335} INFO - GET https://dbelk1.afaqy.local:9200/_cluster/health [status:200 duration:0.090s]
[2024-05-07T09:20:45.292+0000] {warnings.py:109} WARNING - /home/***/.local/lib/python3.8/site-packages/urllib3/connectionpool.py:1061: InsecureRequestWarning: Unverified HTTPS request is being made to host 'dbelk2.afaqy.local'. Adding certificate verification is strongly advised. See: https://urllib3.readthedocs.io/en/1.26.x/advanced-usage.html#ssl-warnings
  warnings.warn(

[2024-05-07T09:21:21.855+0000] {_transport.py:335} INFO - PUT https://dbelk2.afaqy.local:9200/units_statistics_***/_bulk [status:200 duration:39.101s]
[2024-05-07T09:21:09.109+0000] {job.py:213} ERROR - Job heartbeat got an exception
Traceback (most recent call last):
  File "/home/airflow/.local/lib/python3.8/site-packages/sqlalchemy/engine/base.py", line 3371, in _wrap_pool_connect
    return fn()
  File "/home/airflow/.local/lib/python3.8/site-packages/sqlalchemy/pool/base.py", line 327, in connect
    return _ConnectionFairy._checkout(self)
  File "/home/airflow/.local/lib/python3.8/site-packages/sqlalchemy/pool/base.py", line 894, in _checkout
    fairy = _ConnectionRecord.checkout(pool)
  File "/home/airflow/.local/lib/python3.8/site-packages/sqlalchemy/pool/base.py", line 493, in checkout
    rec = pool._do_get()
  File "/home/airflow/.local/lib/python3.8/site-packages/sqlalchemy/pool/impl.py", line 256, in _do_get
    return self._create_connection()
  File "/home/airflow/.local/lib/python3.8/site-packages/sqlalchemy/pool/base.py", line 273, in _create_connection
    return _ConnectionRecord(self)
  File "/home/airflow/.local/lib/python3.8/site-packages/sqlalchemy/pool/base.py", line 388, in __init__
    self.__connect()
  File "/home/airflow/.local/lib/python3.8/site-packages/sqlalchemy/pool/base.py", line 691, in __connect
    pool.logger.debug("Error on connect(): %s", e)
  File "/home/airflow/.local/lib/python3.8/site-packages/sqlalchemy/util/langhelpers.py", line 70, in __exit__
    compat.raise_(
  File "/home/airflow/.local/lib/python3.8/site-packages/sqlalchemy/util/compat.py", line 211, in raise_
    raise exception
  File "/home/airflow/.local/lib/python3.8/site-packages/sqlalchemy/pool/base.py", line 686, in __connect
    self.dbapi_connection = connection = pool._invoke_creator(self)
  File "/home/airflow/.local/lib/python3.8/site-packages/sqlalchemy/engine/create.py", line 574, in connect
    return dialect.connect(*cargs, **cparams)
  File "/home/airflow/.local/lib/python3.8/site-packages/sqlalchemy/engine/default.py", line 598, in connect
    return self.dbapi.connect(*cargs, **cparams)
  File "/home/airflow/.local/lib/python3.8/site-packages/psycopg2/__init__.py", line 122, in connect
    conn = _connect(dsn, connection_factory=connection_factory, **kwasync)
psycopg2.OperationalError: could not translate host name "postgres" to address: Temporary failure in name resolution


The above exception was the direct cause of the following exception:

Traceback (most recent call last):
  File "/home/airflow/.local/lib/python3.8/site-packages/airflow/jobs/job.py", line 187, in heartbeat
    self._merge_from(Job._fetch_from_db(self, session))
  File "/home/airflow/.local/lib/python3.8/site-packages/airflow/api_internal/internal_api_call.py", line 114, in wrapper
    return func(*args, **kwargs)
  File "/home/airflow/.local/lib/python3.8/site-packages/airflow/utils/session.py", line 76, in wrapper
    return func(*args, **kwargs)
  File "/home/airflow/.local/lib/python3.8/site-packages/airflow/jobs/job.py", line 308, in _fetch_from_db
    session.merge(job)
  File "/home/airflow/.local/lib/python3.8/site-packages/sqlalchemy/orm/session.py", line 3056, in merge
    return self._merge(
  File "/home/airflow/.local/lib/python3.8/site-packages/sqlalchemy/orm/session.py", line 3136, in _merge
    merged = self.get(
  File "/home/airflow/.local/lib/python3.8/site-packages/sqlalchemy/orm/session.py", line 2853, in get
    return self._get_impl(
  File "/home/airflow/.local/lib/python3.8/site-packages/sqlalchemy/orm/session.py", line 2975, in _get_impl
    return db_load_fn(
  File "/home/airflow/.local/lib/python3.8/site-packages/sqlalchemy/orm/loading.py", line 530, in load_on_pk_identity
    session.execute(
  File "/home/airflow/.local/lib/python3.8/site-packages/sqlalchemy/orm/session.py", line 1716, in execute
    conn = self._connection_for_bind(bind)
  File "/home/airflow/.local/lib/python3.8/site-packages/sqlalchemy/orm/session.py", line 1555, in _connection_for_bind
    return self._transaction._connection_for_bind(
  File "/home/airflow/.local/lib/python3.8/site-packages/sqlalchemy/orm/session.py", line 750, in _connection_for_bind
    conn = bind.connect()
  File "/home/airflow/.local/lib/python3.8/site-packages/sqlalchemy/future/engine.py", line 412, in connect
    return super(Engine, self).connect()
  File "/home/airflow/.local/lib/python3.8/site-packages/sqlalchemy/engine/base.py", line 3325, in connect
    return self._connection_cls(self, close_with_result=close_with_result)
  File "/home/airflow/.local/lib/python3.8/site-packages/sqlalchemy/engine/base.py", line 96, in __init__
    else engine.raw_connection()
  File "/home/airflow/.local/lib/python3.8/site-packages/sqlalchemy/engine/base.py", line 3404, in raw_connection
    return self._wrap_pool_connect(self.pool.connect, _connection)
  File "/home/airflow/.local/lib/python3.8/site-packages/sqlalchemy/engine/base.py", line 3374, in _wrap_pool_connect
    Connection._handle_dbapi_exception_noconnection(
  File "/home/airflow/.local/lib/python3.8/site-packages/sqlalchemy/engine/base.py", line 2208, in _handle_dbapi_exception_noconnection
    util.raise_(
  File "/home/airflow/.local/lib/python3.8/site-packages/sqlalchemy/util/compat.py", line 211, in raise_
    raise exception
  File "/home/airflow/.local/lib/python3.8/site-packages/sqlalchemy/engine/base.py", line 3371, in _wrap_pool_connect
    return fn()
  File "/home/airflow/.local/lib/python3.8/site-packages/sqlalchemy/pool/base.py", line 327, in connect
    return _ConnectionFairy._checkout(self)
  File "/home/airflow/.local/lib/python3.8/site-packages/sqlalchemy/pool/base.py", line 894, in _checkout
    fairy = _ConnectionRecord.checkout(pool)
  File "/home/airflow/.local/lib/python3.8/site-packages/sqlalchemy/pool/base.py", line 493, in checkout
    rec = pool._do_get()
  File "/home/airflow/.local/lib/python3.8/site-packages/sqlalchemy/pool/impl.py", line 256, in _do_get
    return self._create_connection()
  File "/home/airflow/.local/lib/python3.8/site-packages/sqlalchemy/pool/base.py", line 273, in _create_connection
    return _ConnectionRecord(self)
  File "/home/airflow/.local/lib/python3.8/site-packages/sqlalchemy/pool/base.py", line 388, in __init__
    self.__connect()
  File "/home/airflow/.local/lib/python3.8/site-packages/sqlalchemy/pool/base.py", line 691, in __connect
    pool.logger.debug("Error on connect(): %s", e)
  File "/home/airflow/.local/lib/python3.8/site-packages/sqlalchemy/util/langhelpers.py", line 70, in __exit__
    compat.raise_(
  File "/home/airflow/.local/lib/python3.8/site-packages/sqlalchemy/util/compat.py", line 211, in raise_
    raise exception
  File "/home/airflow/.local/lib/python3.8/site-packages/sqlalchemy/pool/base.py", line 686, in __connect
    self.dbapi_connection = connection = pool._invoke_creator(self)
  File "/home/airflow/.local/lib/python3.8/site-packages/sqlalchemy/engine/create.py", line 574, in connect
    return dialect.connect(*cargs, **cparams)
  File "/home/airflow/.local/lib/python3.8/site-packages/sqlalchemy/engine/default.py", line 598, in connect
    return self.dbapi.connect(*cargs, **cparams)
  File "/home/airflow/.local/lib/python3.8/site-packages/psycopg2/__init__.py", line 122, in connect
    conn = _connect(dsn, connection_factory=connection_factory, **kwasync)
sqlalchemy.exc.OperationalError: (psycopg2.OperationalError) could not translate host name "postgres" to address: Temporary failure in name resolution

(Background on this error at: https://sqlalche.me/e/14/e3q8)
[2024-05-07T09:21:22.082+0000] {job.py:221} ERROR - Job heartbeat failed with error. Scheduler is in unhealthy state
[2024-05-07T09:21:22.203+0000] {python.py:202} INFO - Done. Returned value was: None
[2024-05-07T09:21:22.410+0000] {taskinstance.py:1149} INFO - Marking task as SUCCESS. dag_id=Units_statistics_DAG, task_id=ETL_job, map_index=12, execution_date=20240507T090000, start_date=20240507T092014, end_date=20240507T092122
[2024-05-07T09:21:22.516+0000] {local_task_job_runner.py:234} INFO - Task exited with return code 0
[2024-05-07T09:21:22.579+0000] {taskinstance.py:3312} INFO - 0 downstream tasks scheduled from follow-on schedule check
